2018-08-14 13:01:58,966 [Worker-3] INFO  o.e.m.c.i.l.LifecycleMappingFactory - Using org.eclipse.m2e.jdt.JarLifecycleMapping lifecycle mapping for MavenProject: com.statestr.ama.kafka.connect:kafka-connect-mssql-sink:1.0-SNAPSHOT @ C:\Users\e623869\AMA Projects\kafka-connect-mssql-sink\pom.xml.
2018-08-14 13:01:59,070 [Worker-3] WARN  o.e.m.c.i.embedder.EclipseLogger - Failure to transfer org.apache.kafka:connect-json/maven-metadata.xml from http://packages.confluent.io/maven/ was cached in the local repository, resolution will not be reattempted until the update interval of confluent has elapsed or updates are forced. Original error: Could not transfer metadata org.apache.kafka:connect-json/maven-metadata.xml from/to confluent (http://packages.confluent.io/maven/): connect timed out
2018-08-14 13:01:59,092 [Worker-3] WARN  o.e.m.c.i.embedder.EclipseLogger - Failure to transfer org.apache.kafka:connect-json/maven-metadata.xml from http://repo.maven.apache.org/maven2 was cached in the local repository, resolution will not be reattempted until the update interval of central has elapsed or updates are forced. Original error: Could not transfer metadata org.apache.kafka:connect-json/maven-metadata.xml from/to central (http://repo.maven.apache.org/maven2): connect timed out
2018-08-14 13:02:00,974 [Worker-4] INFO  o.e.m.c.i.l.LifecycleMappingFactory - Using org.eclipse.m2e.jdt.JarLifecycleMapping lifecycle mapping for MavenProject: com.statestr.ama.kafka.connect:kafka-connect-mssql-sink:1.0-SNAPSHOT @ C:\Users\e623869\AMA Projects\kafka-connect-mssql-sink\pom.xml.
2018-08-14 13:02:01,085 [Worker-4] WARN  o.e.m.c.i.embedder.EclipseLogger - Failure to transfer org.apache.kafka:connect-json/maven-metadata.xml from http://packages.confluent.io/maven/ was cached in the local repository, resolution will not be reattempted until the update interval of confluent has elapsed or updates are forced. Original error: Could not transfer metadata org.apache.kafka:connect-json/maven-metadata.xml from/to confluent (http://packages.confluent.io/maven/): connect timed out
2018-08-14 13:02:01,107 [Worker-4] WARN  o.e.m.c.i.embedder.EclipseLogger - Failure to transfer org.apache.kafka:connect-json/maven-metadata.xml from http://repo.maven.apache.org/maven2 was cached in the local repository, resolution will not be reattempted until the update interval of central has elapsed or updates are forced. Original error: Could not transfer metadata org.apache.kafka:connect-json/maven-metadata.xml from/to central (http://repo.maven.apache.org/maven2): connect timed out
2018-08-14 13:02:01,349 [Worker-0] WARN  o.e.m.c.i.embedder.EclipseLogger - Failure to transfer org.apache.kafka:connect-json/maven-metadata.xml from http://packages.confluent.io/maven/ was cached in the local repository, resolution will not be reattempted until the update interval of confluent has elapsed or updates are forced. Original error: Could not transfer metadata org.apache.kafka:connect-json/maven-metadata.xml from/to confluent (http://packages.confluent.io/maven/): connect timed out
2018-08-14 13:02:01,363 [Worker-0] WARN  o.e.m.c.i.embedder.EclipseLogger - Failure to transfer org.apache.kafka:connect-json/maven-metadata.xml from http://repo.maven.apache.org/maven2 was cached in the local repository, resolution will not be reattempted until the update interval of central has elapsed or updates are forced. Original error: Could not transfer metadata org.apache.kafka:connect-json/maven-metadata.xml from/to central (http://repo.maven.apache.org/maven2): connect timed out
2018-08-14 13:02:01,977 [Worker-6] WARN  o.e.m.c.i.embedder.EclipseLogger - Failure to transfer org.apache.kafka:connect-json/maven-metadata.xml from http://packages.confluent.io/maven/ was cached in the local repository, resolution will not be reattempted until the update interval of confluent has elapsed or updates are forced. Original error: Could not transfer metadata org.apache.kafka:connect-json/maven-metadata.xml from/to confluent (http://packages.confluent.io/maven/): connect timed out
2018-08-14 13:02:01,995 [Worker-6] WARN  o.e.m.c.i.embedder.EclipseLogger - Failure to transfer org.apache.kafka:connect-json/maven-metadata.xml from http://repo.maven.apache.org/maven2 was cached in the local repository, resolution will not be reattempted until the update interval of central has elapsed or updates are forced. Original error: Could not transfer metadata org.apache.kafka:connect-json/maven-metadata.xml from/to central (http://repo.maven.apache.org/maven2): connect timed out
2018-08-14 13:02:30,854 [Worker-2] INFO  o.e.m.c.i.p.ProjectConfigurationManager - Update started
2018-08-14 13:02:41,023 [Worker-2] INFO  o.e.m.c.i.e.AbstractTransferListenerAdapter - Downloaded http://repo.maven.apache.org/maven2/org/apache/maven/plugins/maven-clean-plugin/2.5/maven-clean-plugin-2.5.jar
2018-08-14 13:02:51,086 [Worker-2] INFO  o.e.m.c.i.e.AbstractTransferListenerAdapter - Downloaded http://repo.maven.apache.org/maven2/org/apache/maven/plugins/maven-resources-plugin/2.6/maven-resources-plugin-2.6.jar
2018-08-14 13:03:01,148 [Worker-2] INFO  o.e.m.c.i.e.AbstractTransferListenerAdapter - Downloaded http://repo.maven.apache.org/maven2/org/apache/maven/plugins/maven-compiler-plugin/2.5.1/maven-compiler-plugin-2.5.1.jar
2018-08-14 13:03:11,255 [Worker-2] INFO  o.e.m.c.i.e.AbstractTransferListenerAdapter - Downloaded http://repo.maven.apache.org/maven2/org/apache/maven/plugins/maven-surefire-plugin/2.12.4/maven-surefire-plugin-2.12.4.jar
2018-08-14 13:03:21,305 [Worker-2] INFO  o.e.m.c.i.e.AbstractTransferListenerAdapter - Downloaded http://repo.maven.apache.org/maven2/org/apache/maven/plugins/maven-jar-plugin/2.4/maven-jar-plugin-2.4.jar
2018-08-14 13:03:31,373 [Worker-2] INFO  o.e.m.c.i.e.AbstractTransferListenerAdapter - Downloaded http://repo.maven.apache.org/maven2/org/apache/maven/plugins/maven-assembly-plugin/2.5.3/maven-assembly-plugin-2.5.3.jar
2018-08-14 13:03:41,423 [Worker-2] INFO  o.e.m.c.i.e.AbstractTransferListenerAdapter - Downloaded http://repo.maven.apache.org/maven2/org/apache/maven/plugins/maven-dependency-plugin/2.8/maven-dependency-plugin-2.8.jar
2018-08-14 13:03:51,473 [Worker-2] INFO  o.e.m.c.i.e.AbstractTransferListenerAdapter - Downloaded http://repo.maven.apache.org/maven2/org/apache/maven/plugins/maven-install-plugin/2.4/maven-install-plugin-2.4.jar
2018-08-14 13:04:01,520 [Worker-2] INFO  o.e.m.c.i.e.AbstractTransferListenerAdapter - Downloaded http://repo.maven.apache.org/maven2/org/apache/maven/plugins/maven-deploy-plugin/2.7/maven-deploy-plugin-2.7.jar
2018-08-14 13:04:11,595 [Worker-2] INFO  o.e.m.c.i.e.AbstractTransferListenerAdapter - Downloaded http://repo.maven.apache.org/maven2/org/apache/maven/plugins/maven-site-plugin/3.3/maven-site-plugin-3.3.jar
2018-08-14 13:04:21,637 [Worker-2] INFO  o.e.m.c.i.e.AbstractTransferListenerAdapter - Downloaded http://repo.maven.apache.org/maven2/org/apache/maven/plugins/maven-compiler-plugin/2.5.1/maven-compiler-plugin-2.5.1.pom
2018-08-14 13:04:21,652 [Worker-2] INFO  o.e.m.c.i.l.LifecycleMappingFactory - Using org.eclipse.m2e.jdt.JarLifecycleMapping lifecycle mapping for MavenProject: com.statestr.ama.kafka.connect:kafka-connect-mssql-sink:1.0-SNAPSHOT @ C:\Users\e623869\AMA Projects\kafka-connect-mssql-sink\pom.xml.
2018-08-14 13:05:01,746 [Worker-2] INFO  o.e.m.c.i.e.AbstractTransferListenerAdapter - Downloaded http://packages.confluent.io/maven/org/apache/kafka/connect-api/0.11.0.0-cp1/connect-api-0.11.0.0-cp1.pom
2018-08-14 13:05:11,799 [Worker-2] INFO  o.e.m.c.i.e.AbstractTransferListenerAdapter - Downloaded http://repo.maven.apache.org/maven2/org/apache/kafka/connect-api/0.11.0.0-cp1/connect-api-0.11.0.0-cp1.pom
2018-08-14 13:05:51,828 [Worker-2] INFO  o.e.m.c.i.e.AbstractTransferListenerAdapter - Downloaded http://packages.confluent.io/maven/ch/qos/logback/logback-classic/1.1.7/logback-classic-1.1.7.pom
2018-08-14 13:06:01,875 [Worker-2] INFO  o.e.m.c.i.e.AbstractTransferListenerAdapter - Downloaded http://repo.maven.apache.org/maven2/ch/qos/logback/logback-classic/1.1.7/logback-classic-1.1.7.pom
2018-08-14 13:06:11,900 [pool-2-thread-2] INFO  o.e.m.c.i.e.AbstractTransferListenerAdapter - Downloaded http://repo.maven.apache.org/maven2/org/apache/kafka/connect-json/maven-metadata.xml
2018-08-14 13:06:41,923 [pool-2-thread-1] INFO  o.e.m.c.i.e.AbstractTransferListenerAdapter - Downloaded http://packages.confluent.io/maven/org/apache/kafka/connect-json/maven-metadata.xml
2018-08-14 13:06:41,959 [Worker-2] WARN  o.e.m.c.i.embedder.EclipseLogger - Could not transfer metadata org.apache.kafka:connect-json/maven-metadata.xml from/to confluent (http://packages.confluent.io/maven/): connect timed out
2018-08-14 13:06:41,995 [Worker-2] WARN  o.e.m.c.i.embedder.EclipseLogger - Could not transfer metadata org.apache.kafka:connect-json/maven-metadata.xml from/to central (http://repo.maven.apache.org/maven2): connect timed out
2018-08-14 13:07:22,025 [Worker-2] INFO  o.e.m.c.i.e.AbstractTransferListenerAdapter - Downloaded http://packages.confluent.io/maven/org/apache/commons/commons-collections4/4.0/commons-collections4-4.0.pom
2018-08-14 13:07:32,070 [Worker-2] INFO  o.e.m.c.i.e.AbstractTransferListenerAdapter - Downloaded http://repo.maven.apache.org/maven2/org/apache/commons/commons-collections4/4.0/commons-collections4-4.0.pom
2018-08-14 13:08:12,117 [Worker-2] INFO  o.e.m.c.i.e.AbstractTransferListenerAdapter - Downloaded http://packages.confluent.io/maven/com/google/code/gson/gson/2.8.0/gson-2.8.0.pom
2018-08-14 13:08:22,167 [Worker-2] INFO  o.e.m.c.i.e.AbstractTransferListenerAdapter - Downloaded http://repo.maven.apache.org/maven2/com/google/code/gson/gson/2.8.0/gson-2.8.0.pom
2018-08-14 13:09:02,196 [Worker-2] INFO  o.e.m.c.i.e.AbstractTransferListenerAdapter - Downloaded http://packages.confluent.io/maven/io/searchbox/jest/2.0.0/jest-2.0.0.pom
2018-08-14 13:09:12,237 [Worker-2] INFO  o.e.m.c.i.e.AbstractTransferListenerAdapter - Downloaded http://repo.maven.apache.org/maven2/io/searchbox/jest/2.0.0/jest-2.0.0.pom
2018-08-14 13:09:52,287 [Worker-2] INFO  o.e.m.c.i.e.AbstractTransferListenerAdapter - Downloaded http://packages.confluent.io/maven/org/apache/logging/log4j/log4j-api/2.8.2/log4j-api-2.8.2.pom
2018-08-14 13:10:02,325 [Worker-2] INFO  o.e.m.c.i.e.AbstractTransferListenerAdapter - Downloaded http://repo.maven.apache.org/maven2/org/apache/logging/log4j/log4j-api/2.8.2/log4j-api-2.8.2.pom
2018-08-14 13:10:42,372 [Worker-2] INFO  o.e.m.c.i.e.AbstractTransferListenerAdapter - Downloaded http://packages.confluent.io/maven/org/apache/logging/log4j/log4j-core/2.8.2/log4j-core-2.8.2.pom
2018-08-14 13:10:52,406 [Worker-2] INFO  o.e.m.c.i.e.AbstractTransferListenerAdapter - Downloaded http://repo.maven.apache.org/maven2/org/apache/logging/log4j/log4j-core/2.8.2/log4j-core-2.8.2.pom
2018-08-14 13:11:32,499 [Worker-2] INFO  o.e.m.c.i.e.AbstractTransferListenerAdapter - Downloaded http://packages.confluent.io/maven/io/confluent/kafka-connect-jdbc/3.3.0/kafka-connect-jdbc-3.3.0.pom
2018-08-14 13:11:42,549 [Worker-2] INFO  o.e.m.c.i.e.AbstractTransferListenerAdapter - Downloaded http://repo.maven.apache.org/maven2/io/confluent/kafka-connect-jdbc/3.3.0/kafka-connect-jdbc-3.3.0.pom
2018-08-14 13:12:22,584 [Worker-2] INFO  o.e.m.c.i.e.AbstractTransferListenerAdapter - Downloaded http://packages.confluent.io/maven/com/microsoft/sqlserver/mssql-jdbc/6.1.0.jre8/mssql-jdbc-6.1.0.jre8.pom
2018-08-14 13:12:32,618 [Worker-2] INFO  o.e.m.c.i.e.AbstractTransferListenerAdapter - Downloaded http://repo.maven.apache.org/maven2/com/microsoft/sqlserver/mssql-jdbc/6.1.0.jre8/mssql-jdbc-6.1.0.jre8.pom
2018-08-14 13:13:12,675 [Worker-2] INFO  o.e.m.c.i.e.AbstractTransferListenerAdapter - Downloaded http://packages.confluent.io/maven/log4j/log4j/1.2.17/log4j-1.2.17.pom
2018-08-14 13:13:22,711 [Worker-2] INFO  o.e.m.c.i.e.AbstractTransferListenerAdapter - Downloaded http://repo.maven.apache.org/maven2/log4j/log4j/1.2.17/log4j-1.2.17.pom
2018-08-14 13:13:32,884 [Worker-2] INFO  o.e.m.c.i.e.AbstractTransferListenerAdapter - Downloaded http://repo.maven.apache.org/maven2/org/apache/maven/plugins/maven-resources-plugin/2.6/maven-resources-plugin-2.6.pom
2018-08-14 13:13:32,910 [Worker-2] INFO  o.e.m.c.i.p.ProjectConfigurationManager - Update completed: 662 sec
2018-08-14 13:13:33,637 [Worker-6] WARN  o.e.m.c.i.embedder.EclipseLogger - Failure to transfer org.apache.kafka:connect-json/maven-metadata.xml from http://packages.confluent.io/maven/ was cached in the local repository, resolution will not be reattempted until the update interval of confluent has elapsed or updates are forced. Original error: Could not transfer metadata org.apache.kafka:connect-json/maven-metadata.xml from/to confluent (http://packages.confluent.io/maven/): connect timed out
2018-08-14 13:13:33,663 [Worker-6] WARN  o.e.m.c.i.embedder.EclipseLogger - Failure to transfer org.apache.kafka:connect-json/maven-metadata.xml from http://repo.maven.apache.org/maven2 was cached in the local repository, resolution will not be reattempted until the update interval of central has elapsed or updates are forced. Original error: Could not transfer metadata org.apache.kafka:connect-json/maven-metadata.xml from/to central (http://repo.maven.apache.org/maven2): connect timed out
